{"type":"server-started","port":61122,"host":"127.0.0.1","url_host":"localhost","url":"http://localhost:61122","screen_dir":"/Users/macbookpro_test/Library/CloudStorage/SynologyDrive-Main/06_Development/roberg-boekhouding/.superpowers/brainstorm/68440-1773960384"}
{"type":"screen-added","file":"/Users/macbookpro_test/Library/CloudStorage/SynologyDrive-Main/06_Development/roberg-boekhouding/.superpowers/brainstorm/68440-1773960384/direction.html"}
{"type":"screen-updated","file":"/Users/macbookpro_test/Library/CloudStorage/SynologyDrive-Main/06_Development/roberg-boekhouding/.superpowers/brainstorm/68440-1773960384/direction.html"}
{"type":"screen-updated","file":"/Users/macbookpro_test/Library/CloudStorage/SynologyDrive-Main/06_Development/roberg-boekhouding/.superpowers/brainstorm/68440-1773960384/direction.html"}
{"type":"screen-added","file":"/Users/macbookpro_test/Library/CloudStorage/SynologyDrive-Main/06_Development/roberg-boekhouding/.superpowers/brainstorm/68440-1773960384/tables.html"}
{"type":"screen-updated","file":"/Users/macbookpro_test/Library/CloudStorage/SynologyDrive-Main/06_Development/roberg-boekhouding/.superpowers/brainstorm/68440-1773960384/tables.html"}
{"type":"screen-updated","file":"/Users/macbookpro_test/Library/CloudStorage/SynologyDrive-Main/06_Development/roberg-boekhouding/.superpowers/brainstorm/68440-1773960384/tables.html"}
{"source":"user-event","type":"click","text":"6\n    \n      Visual status indicators\n      Row background colors indicating status (like the bank page already does). Overdue invoices highlighted in warm colors. Subtle left-border color per status. Makes scanning the table instant.","choice":"visual-status","id":null,"timestamp":1773960628752}
{"source":"user-event","type":"click","text":"5\n    \n      Better bulk actions\n      Select multiple werkdagen → \"Factureer\" button appears with a preview of the invoice right there. No page navigation. Select multiple facturen → \"Markeer betaald\" in one click.","choice":"bulk-flow","id":null,"timestamp":1773960629253}
{"source":"user-event","type":"click","text":"4\n    \n      Smart filter presets\n      Instead of separate dropdowns for year/month/klant/status, add quick-filter chips: \"Ongefactureerd\", \"Openstaand\", \"Deze maand\", \"Vorige maand\". One click to filter, one click to clear.","choice":"smart-filters","id":null,"timestamp":1773960630130}
{"source":"user-event","type":"click","text":"3\n    \n      Expandable row details\n      Click a factuur row to expand and see its werkdagen inline. Click a werkdag to see the linked factuur. No need to navigate to another page — the relationship is visible in-place.","choice":"row-detail","id":null,"timestamp":1773960630965}
{"source":"user-event","type":"click","text":"2\n    \n      Smart column formatting\n      All money columns right-aligned with tabular numbers and consistent € formatting. Dates always Dutch format. Status as colored chips. Negative amounts in red. Totals row at bottom with bold styling.","choice":"smart-columns","id":null,"timestamp":1773960631585}
{"source":"user-event","type":"click","text":"1\n    \n      Inline actions — no hidden menus\n      Status changes (betaald/onbetaald) as toggle buttons directly in the row, not buried in a three-dot menu. Delete stays in menu (destructive = hidden). Edit on row click or double-click.","choice":"inline-actions","id":null,"timestamp":1773960632522}
{"type":"screen-added","file":"/Users/macbookpro_test/Library/CloudStorage/SynologyDrive-Main/06_Development/roberg-boekhouding/.superpowers/brainstorm/68440-1773960384/dashboard-mockup.html"}
{"type":"screen-updated","file":"/Users/macbookpro_test/Library/CloudStorage/SynologyDrive-Main/06_Development/roberg-boekhouding/.superpowers/brainstorm/68440-1773960384/dashboard-mockup.html"}
{"type":"screen-updated","file":"/Users/macbookpro_test/Library/CloudStorage/SynologyDrive-Main/06_Development/roberg-boekhouding/.superpowers/brainstorm/68440-1773960384/dashboard-mockup.html"}
{"type":"screen-added","file":"/Users/macbookpro_test/Library/CloudStorage/SynologyDrive-Main/06_Development/roberg-boekhouding/.superpowers/brainstorm/68440-1773960384/table-mockup.html"}
{"type":"screen-updated","file":"/Users/macbookpro_test/Library/CloudStorage/SynologyDrive-Main/06_Development/roberg-boekhouding/.superpowers/brainstorm/68440-1773960384/table-mockup.html"}
{"type":"screen-updated","file":"/Users/macbookpro_test/Library/CloudStorage/SynologyDrive-Main/06_Development/roberg-boekhouding/.superpowers/brainstorm/68440-1773960384/table-mockup.html"}
{"type":"screen-added","file":"/Users/macbookpro_test/Library/CloudStorage/SynologyDrive-Main/06_Development/roberg-boekhouding/.superpowers/brainstorm/68440-1773960384/waiting.html"}
{"type":"screen-updated","file":"/Users/macbookpro_test/Library/CloudStorage/SynologyDrive-Main/06_Development/roberg-boekhouding/.superpowers/brainstorm/68440-1773960384/waiting.html"}
{"type":"screen-updated","file":"/Users/macbookpro_test/Library/CloudStorage/SynologyDrive-Main/06_Development/roberg-boekhouding/.superpowers/brainstorm/68440-1773960384/waiting.html"}
{"type":"server-stopped","reason":"idle timeout"}
